0 info it worked if it ends with ok
1 verbose cli [ 'C:\\Program Files (x86)\\nodejs\\node.exe',
1 verbose cli   'C:\\Program Files (x86)\\nodejs\\node_modules\\npm\\bin\\npm-cli.js',
1 verbose cli   'run',
1 verbose cli   'deploy' ]
2 info using npm@3.10.10
3 info using node@v6.10.0
4 verbose run-script [ 'predeploy', 'deploy', 'postdeploy' ]
5 info lifecycle neataptic@1.2.14~predeploy: neataptic@1.2.14
6 silly lifecycle neataptic@1.2.14~predeploy: no script for predeploy, continuing
7 info lifecycle neataptic@1.2.14~deploy: neataptic@1.2.14
8 verbose lifecycle neataptic@1.2.14~deploy: unsafe-perm in lifecycle true
9 verbose lifecycle neataptic@1.2.14~deploy: PATH: C:\Program Files (x86)\nodejs\node_modules\npm\bin\node-gyp-bin;C:\Users\THOMAS\Documents\GitHub\neataptic\node_modules\.bin;C:\ProgramData\Oracle\Java\javapath;C:\WINDOWS\system32;C:\WINDOWS;C:\WINDOWS\System32\Wbem;C:\WINDOWS\System32\WindowsPowerShell\v1.0\;C:\Users\THOMAS\.dnx\bin;C:\Program Files\Microsoft DNX\Dnvm\;C:\Program Files (x86)\NVIDIA Corporation\PhysX\Common;C:\Program Files (x86)\GtkSharp\2.12\bin;C:\Program Files\MATLAB\R2016b\bin;C:\Program Files (x86)\Windows Live\Shared;C:\Program Files (x86)\nodejs\;C:\Program Files (x86)\Skype\Phone\;C:\Users\THOMAS\AppData\Local\Programs\Python\Python35-32\Scripts\;C:\Users\THOMAS\AppData\Local\Programs\Python\Python35-32\;C:\Users\THOMAS\AppData\Local\Microsoft\WindowsApps;C:\Users\THOMAS\AppData\Local\atom\bin;C:\Program Files (x86)\Microsoft VS Code\bin;C:\Users\THOMAS\AppData\Roaming\npm
10 verbose lifecycle neataptic@1.2.14~deploy: CWD: C:\Users\THOMAS\Documents\GitHub\neataptic
11 silly lifecycle neataptic@1.2.14~deploy: Args: [ '/d /s /c',
11 silly lifecycle   'npm run build && npm run test:dist && npm publish' ]
12 silly lifecycle neataptic@1.2.14~deploy: Returned: code: 1  signal: null
13 info lifecycle neataptic@1.2.14~deploy: Failed to exec deploy script
14 verbose stack Error: neataptic@1.2.14 deploy: `npm run build && npm run test:dist && npm publish`
14 verbose stack Exit status 1
14 verbose stack     at EventEmitter.<anonymous> (C:\Program Files (x86)\nodejs\node_modules\npm\lib\utils\lifecycle.js:255:16)
14 verbose stack     at emitTwo (events.js:106:13)
14 verbose stack     at EventEmitter.emit (events.js:191:7)
14 verbose stack     at ChildProcess.<anonymous> (C:\Program Files (x86)\nodejs\node_modules\npm\lib\utils\spawn.js:40:14)
14 verbose stack     at emitTwo (events.js:106:13)
14 verbose stack     at ChildProcess.emit (events.js:191:7)
14 verbose stack     at maybeClose (internal/child_process.js:877:16)
14 verbose stack     at Process.ChildProcess._handle.onexit (internal/child_process.js:226:5)
15 verbose pkgid neataptic@1.2.14
16 verbose cwd C:\Users\THOMAS\Documents\GitHub\neataptic
17 error Windows_NT 10.0.14393
18 error argv "C:\\Program Files (x86)\\nodejs\\node.exe" "C:\\Program Files (x86)\\nodejs\\node_modules\\npm\\bin\\npm-cli.js" "run" "deploy"
19 error node v6.10.0
20 error npm  v3.10.10
21 error code ELIFECYCLE
22 error neataptic@1.2.14 deploy: `npm run build && npm run test:dist && npm publish`
22 error Exit status 1
23 error Failed at the neataptic@1.2.14 deploy script 'npm run build && npm run test:dist && npm publish'.
23 error Make sure you have the latest version of node.js and npm installed.
23 error If you do, this is most likely a problem with the neataptic package,
23 error not with npm itself.
23 error Tell the author that this fails on your system:
23 error     npm run build && npm run test:dist && npm publish
23 error You can get information on how to open an issue for this project with:
23 error     npm bugs neataptic
23 error Or if that isn't available, you can get their info via:
23 error     npm owner ls neataptic
23 error There is likely additional logging output above.
24 verbose exit [ 1, true ]
